<?xml version="1.0" encoding="UTF-8"?>
<testng-results skipped="0" failed="1" ignored="0" total="3" passed="2">
  <reporter-output>
  </reporter-output>
  <suite name="Default suite" duration-ms="20089" started-at="2019-11-05T15:39:54 EST" finished-at="2019-11-05T15:40:14 EST">
    <groups>
    </groups>
    <test name="Default test" duration-ms="20089" started-at="2019-11-05T15:39:54 EST" finished-at="2019-11-05T15:40:14 EST">
      <class name="com.qa.PoshMark.Tests.EntryPageTest">
        <test-method status="PASS" signature="setUp()[pri:0, instance:com.qa.PoshMark.Tests.EntryPageTest@a7e666]" name="setUp" is-config="true" duration-ms="6256" started-at="2019-11-05T15:39:54 EST" finished-at="2019-11-05T15:40:00 EST">
          <reporter-output>
          </reporter-output>
        </test-method> <!-- setUp -->
        <test-method status="FAIL" signature="verifyEntryPageLogo()[pri:1, instance:com.qa.PoshMark.Tests.EntryPageTest@a7e666]" name="verifyEntryPageLogo" duration-ms="74" started-at="2019-11-05T15:40:00 EST" finished-at="2019-11-05T15:40:00 EST">
          <exception class="java.lang.AssertionError">
            <message>
              <![CDATA[logo couldnot find expected [poshmark-logo] but found []]]>
            </message>
            <full-stacktrace>
              <![CDATA[java.lang.AssertionError: logo couldnot find expected [poshmark-logo] but found []
at org.testng.Assert.fail(Assert.java:97)
at org.testng.Assert.assertEqualsImpl(Assert.java:136)
at org.testng.Assert.assertEquals(Assert.java:118)
at org.testng.Assert.assertEquals(Assert.java:575)
at com.qa.PoshMark.Tests.EntryPageTest.verifyEntryPageLogo(EntryPageTest.java:44)
at sun.reflect.NativeMethodAccessorImpl.invoke0(Native Method)
at sun.reflect.NativeMethodAccessorImpl.invoke(NativeMethodAccessorImpl.java:62)
at sun.reflect.DelegatingMethodAccessorImpl.invoke(DelegatingMethodAccessorImpl.java:43)
at java.lang.reflect.Method.invoke(Method.java:498)
at org.testng.internal.MethodInvocationHelper.invokeMethod(MethodInvocationHelper.java:133)
at org.testng.internal.TestInvoker.invokeMethod(TestInvoker.java:584)
at org.testng.internal.TestInvoker.invokeTestMethod(TestInvoker.java:172)
at org.testng.internal.MethodRunner.runInSequence(MethodRunner.java:46)
at org.testng.internal.TestInvoker$MethodInvocationAgent.invoke(TestInvoker.java:804)
at org.testng.internal.TestInvoker.invokeTestMethods(TestInvoker.java:145)
at org.testng.internal.TestMethodWorker.invokeTestMethods(TestMethodWorker.java:146)
at org.testng.internal.TestMethodWorker.run(TestMethodWorker.java:128)
at java.util.ArrayList.forEach(ArrayList.java:1257)
at org.testng.TestRunner.privateRun(TestRunner.java:770)
at org.testng.TestRunner.run(TestRunner.java:591)
at org.testng.SuiteRunner.runTest(SuiteRunner.java:402)
at org.testng.SuiteRunner.runSequentially(SuiteRunner.java:396)
at org.testng.SuiteRunner.privateRun(SuiteRunner.java:355)
at org.testng.SuiteRunner.run(SuiteRunner.java:304)
at org.testng.SuiteRunnerWorker.runSuite(SuiteRunnerWorker.java:53)
at org.testng.SuiteRunnerWorker.run(SuiteRunnerWorker.java:96)
at org.testng.TestNG.runSuitesSequentially(TestNG.java:1180)
at org.testng.TestNG.runSuitesLocally(TestNG.java:1102)
at org.testng.TestNG.runSuites(TestNG.java:1032)
at org.testng.TestNG.run(TestNG.java:1000)
at org.testng.remote.AbstractRemoteTestNG.run(AbstractRemoteTestNG.java:115)
at org.testng.remote.RemoteTestNG.initAndRun(RemoteTestNG.java:251)
at org.testng.remote.RemoteTestNG.main(RemoteTestNG.java:77)
]]>
            </full-stacktrace>
          </exception> <!-- java.lang.AssertionError -->
          <reporter-output>
          </reporter-output>
        </test-method> <!-- verifyEntryPageLogo -->
        <test-method status="PASS" signature="setUp()[pri:0, instance:com.qa.PoshMark.Tests.EntryPageTest@a7e666]" name="setUp" is-config="true" duration-ms="7122" started-at="2019-11-05T15:40:00 EST" finished-at="2019-11-05T15:40:07 EST">
          <reporter-output>
          </reporter-output>
        </test-method> <!-- setUp -->
        <test-method status="PASS" signature="verifyMainPageTitle()[pri:2, instance:com.qa.PoshMark.Tests.EntryPageTest@a7e666]" name="verifyMainPageTitle" duration-ms="65" started-at="2019-11-05T15:40:07 EST" finished-at="2019-11-05T15:40:07 EST">
          <reporter-output>
          </reporter-output>
        </test-method> <!-- verifyMainPageTitle -->
        <test-method status="PASS" signature="setUp()[pri:0, instance:com.qa.PoshMark.Tests.EntryPageTest@a7e666]" name="setUp" is-config="true" duration-ms="4020" started-at="2019-11-05T15:40:07 EST" finished-at="2019-11-05T15:40:11 EST">
          <reporter-output>
          </reporter-output>
        </test-method> <!-- setUp -->
        <test-method status="PASS" signature="loginButtonTest()[pri:3, instance:com.qa.PoshMark.Tests.EntryPageTest@a7e666]" name="loginButtonTest" duration-ms="2524" started-at="2019-11-05T15:40:11 EST" finished-at="2019-11-05T15:40:14 EST">
          <reporter-output>
          </reporter-output>
        </test-method> <!-- loginButtonTest -->
      </class> <!-- com.qa.PoshMark.Tests.EntryPageTest -->
    </test> <!-- Default test -->
  </suite> <!-- Default suite -->
</testng-results>
